<https://www.google.com> is UP
<https://www.facebook.com> is UP
<https://www.twitter.com> is UP
<https://www.google.com> is UP
<https://www.facebook.com> is UP
<https://www.twitter.com> is UP
2025-07-04 10:26:48.   <https://www.google.com> is UP
2025-07-04 10:26:48.   <https://www.facebook.com> is UP
2025-07-04 10:26:49.   <https://www.twitter.com> is UP
2025-07-04 10:32:37.   <https://www.google.com> is UP
2025-07-04 10:32:37.   <https://www.facebook.com> is UP
2025-07-04 10:32:37.   <https://www.twitter.com> is UP
2025-07-04 10:40:24.   <https://www.facebook.com> is UP
2025-07-04 10:40:25.   <https://goit.global> is DOWN
2025-07-04 10:40:25.   <https://www.oracle.com> is DOWN
2025-07-04 10:49:13.   <https://www.google.com> is UP
2025-07-04 10:49:14.   <https://www.facebook.com> is UP
2025-07-04 10:49:14.   <https://www.twitter.com> is UP
2025-07-04 10:52:41.   <https://www.goit.global> is UP
2025-07-04 10:52:42.   <https://www.oracle.com> is DOWN
2025-07-04 10:55:30.   <https://www.oracle.com> is DOWN (return code 403)
